# JRE version: Java(TM) SE Runtime Environment 18.9 (11.0.10+8) (build 11.0.10+8-LTS-162)
# Java VM: Java HotSpot(TM) 64-Bit Server VM 18.9 (11.0.10+8-LTS-162, mixed mode, tiered, compressed oops, g1 gc, windows-amd64)
Heap:
 garbage-first heap   total 131072K, used 48375K [0x0000000081c00000, 0x0000000100000000)
  region size 1024K, 44 young (45056K), 6 survivors (6144K)
 Metaspace       used 28841K, capacity 29359K, committed 29440K, reserved 1075200K
  class space    used 3352K, capacity 3531K, committed 3584K, reserved 1048576K
GC Heap History (10 events):
Event: 0.942 GC heap before
{Heap before GC invocations=0 (full 0):
 garbage-first heap   total 131072K, used 13312K [0x0000000081c00000, 0x0000000100000000)
  region size 1024K, 14 young (14336K), 0 survivors (0K)
 Metaspace       used 10229K, capacity 10321K, committed 10496K, reserved 1058816K
  class space    used 926K, capacity 967K, committed 1024K, reserved 1048576K
}
Event: 0.945 GC heap after
{Heap after GC invocations=1 (full 0):
 garbage-first heap   total 131072K, used 4671K [0x0000000081c00000, 0x0000000100000000)
  region size 1024K, 2 young (2048K), 2 survivors (2048K)
 Metaspace       used 10229K, capacity 10321K, committed 10496K, reserved 1058816K
  class space    used 926K, capacity 967K, committed 1024K, reserved 1048576K
}
Event: 1.101 GC heap before
{Heap before GC invocations=1 (full 0):
 garbage-first heap   total 131072K, used 16959K [0x0000000081c00000, 0x0000000100000000)
  region size 1024K, 14 young (14336K), 2 survivors (2048K)
 Metaspace       used 11666K, capacity 11782K, committed 12032K, reserved 1060864K
  class space    used 1125K, capacity 1177K, committed 1280K, reserved 1048576K
}
Event: 1.103 GC heap after
{Heap after GC invocations=2 (full 0):
 garbage-first heap   total 131072K, used 4973K [0x0000000081c00000, 0x0000000100000000)
  region size 1024K, 1 young (1024K), 1 survivors (1024K)
 Metaspace       used 11666K, capacity 11782K, committed 12032K, reserved 1060864K
  class space    used 1125K, capacity 1177K, committed 1280K, reserved 1048576K
}
Event: 1.528 GC heap before
{Heap before GC invocations=2 (full 0):
 garbage-first heap   total 131072K, used 36717K [0x0000000081c00000, 0x0000000100000000)
  region size 1024K, 32 young (32768K), 1 survivors (1024K)
 Metaspace       used 16359K, capacity 16694K, committed 16768K, reserved 1064960K
  class space    used 1798K, capacity 1896K, committed 1920K, reserved 1048576K
}
Event: 1.531 GC heap after
{Heap after GC invocations=3 (full 0):
 garbage-first heap   total 131072K, used 6582K [0x0000000081c00000, 0x0000000100000000)
  region size 1024K, 2 young (2048K), 2 survivors (2048K)
 Metaspace       used 16359K, capacity 16694K, committed 16768K, reserved 1064960K
  class space    used 1798K, capacity 1896K, committed 1920K, reserved 1048576K
}
Event: 2.066 GC heap before
{Heap before GC invocations=3 (full 0):
 garbage-first heap   total 131072K, used 42422K [0x0000000081c00000, 0x0000000100000000)
  region size 1024K, 38 young (38912K), 2 survivors (2048K)
 Metaspace       used 20849K, capacity 21193K, committed 21248K, reserved 1069056K
  class space    used 2438K, capacity 2548K, committed 2560K, reserved 1048576K
}
Event: 2.069 GC heap after
{Heap after GC invocations=4 (full 0):
 garbage-first heap   total 131072K, used 7735K [0x0000000081c00000, 0x0000000100000000)
  region size 1024K, 4 young (4096K), 4 survivors (4096K)
 Metaspace       used 20849K, capacity 21193K, committed 21248K, reserved 1069056K
  class space    used 2438K, capacity 2548K, committed 2560K, reserved 1048576K
}
Event: 7.939 GC heap before
{Heap before GC invocations=5 (full 0):
 garbage-first heap   total 131072K, used 63031K [0x0000000081c00000, 0x0000000100000000)
  region size 1024K, 58 young (59392K), 4 survivors (4096K)
 Metaspace       used 26493K, capacity 26958K, committed 27264K, reserved 1073152K
  class space    used 3201K, capacity 3379K, committed 3456K, reserved 1048576K
}
Event: 7.946 GC heap after
{Heap after GC invocations=6 (full 0):
 garbage-first heap   total 131072K, used 10487K [0x0000000081c00000, 0x0000000100000000)
  region size 1024K, 6 young (6144K), 6 survivors (6144K)
 Metaspace       used 26493K, capacity 26958K, committed 27264K, reserved 1073152K
  class space    used 3201K, capacity 3379K, committed 3456K, reserved 1048576K
}

