<?xml version="1.0" encoding="UTF-8" ?>
<testsuite tests="14" failures="0" name="com.BlueBird.Runner.SequentialRunnerTest" time="15.161" errors="0" skipped="0">
  <properties>
[...]
</properties>
  <testcase classname="Scenario: Validate Digital Workspace options scenario" name="Given I do login with admin user" time="0.006"/>
  <testcase classname="Scenario: Validate Digital Workspace options scenario" name="And I click on AdminHQ" time="0"/>
  <testcase classname="Scenario: Validate Digital Workspace options scenario" name="And I verify AdminHQ page title" time="0"/>
  <testcase classname="Scenario: Validate Digital Workspace options scenario" name="Then I return to DigitalWorkSpace page" time="0"/>
  <testcase classname="Scenario: Validate Digital Workspace options scenario" name="And I click on UserManager button" time="0"/>
  <testcase classname="Scenario: Validate Digital Workspace options scenario" name="And I verify UserManager page title" time="0"/>
  <testcase classname="Scenario: Validate Digital Workspace options scenario" name="Then I return to DigitalWorkSpace page" time="0"/>
  <testcase classname="Scenario: Validate Digital Workspace options scenario" name="And I click on Queues Option" time="0"/>
  <testcase classname="Scenario: Validate Digital Workspace options scenario" name="And I verify Queues page title" time="0"/>
  <testcase classname="Scenario: Validate Digital Workspace options scenario" name="Then I return to DigitalWorkSpace page" time="0"/>
  <testcase classname="Scenario: Validate Digital Workspace options scenario" name="And I click on Organizational Groups Option" time="0"/>
  <testcase classname="Scenario: Validate Digital Workspace options scenario" name="And I verify Organizational Groups page title" time="0"/>
  <testcase classname="Scenario: Validate Digital Workspace options scenario" name="Then I return to DigitalWorkSpace page" time="0"/>
  <testcase classname="Scenario: Validate Digital Workspace options scenario" name="Scenario: Validate Digital Workspace options scenario" time="15.155"/>
</testsuite>