<?xml version="1.0" encoding="UTF-8"?>
<testng-results ignored="0" total="1" passed="1" failed="0" skipped="0">
  <reporter-output>
  </reporter-output>
  <suite started-at="2021-04-01T15:23:35 IST" name="Suite" finished-at="2021-04-01T15:23:35 IST" duration-ms="279">
    <groups>
    </groups>
    <test started-at="2021-04-01T15:23:35 IST" name="Test" finished-at="2021-04-01T15:23:35 IST" duration-ms="279">
      <class name="com.BlueBird.Runner.SequentialRunnerTest">
        <test-method signature="Setup()[pri:0, instance:com.BlueBird.Runner.SequentialRunnerTest@7fd50002]" started-at="2021-04-01T15:23:35 IST" name="Setup" finished-at="2021-04-01T15:23:35 IST" duration-ms="192" status="PASS">
          <reporter-output>
          </reporter-output>
        </test-method> <!-- Setup -->
      </class> <!-- com.BlueBird.Runner.SequentialRunnerTest -->
    </test> <!-- Test -->
  </suite> <!-- Suite -->
</testng-results>
